<?xml version="1.0" encoding="UTF-8"?>
<testng-results ignored="0" total="1" passed="1" failed="0" skipped="0">
  <reporter-output>
    <line>
      <![CDATA[TC Pass]]>
    </line>
  </reporter-output>
  <suite started-at="2022-04-10T23:04:37 IST" name="Default suite" finished-at="2022-04-10T23:05:32 IST" duration-ms="54551">
    <groups>
    </groups>
    <test started-at="2022-04-10T23:04:37 IST" name="Default test" finished-at="2022-04-10T23:05:32 IST" duration-ms="54551">
      <class name="com.crm.organizations.CreateOrganization">
        <test-method is-config="true" signature="openDatabase()[pri:0, instance:com.crm.organizations.CreateOrganization@43dac38f]" started-at="2022-04-10T23:04:33 IST" name="openDatabase" finished-at="2022-04-10T23:04:37 IST" duration-ms="4465" status="PASS">
          <reporter-output>
          </reporter-output>
        </test-method> <!-- openDatabase -->
        <test-method is-config="true" signature="launchTheBrowser()[pri:0, instance:com.crm.organizations.CreateOrganization@43dac38f]" started-at="2022-04-10T23:04:38 IST" name="launchTheBrowser" finished-at="2022-04-10T23:04:47 IST" duration-ms="9596" status="PASS">
          <reporter-output>
          </reporter-output>
        </test-method> <!-- launchTheBrowser -->
        <test-method is-config="true" signature="loginToTheApplication()[pri:0, instance:com.crm.organizations.CreateOrganization@43dac38f]" started-at="2022-04-10T23:04:47 IST" name="loginToTheApplication" finished-at="2022-04-10T23:04:56 IST" duration-ms="8862" status="PASS">
          <reporter-output>
          </reporter-output>
        </test-method> <!-- loginToTheApplication -->
        <test-method signature="createOrganizationTest()[pri:0, instance:com.crm.organizations.CreateOrganization@43dac38f]" started-at="2022-04-10T23:04:56 IST" name="createOrganizationTest" finished-at="2022-04-10T23:05:27 IST" duration-ms="31360" status="PASS">
          <reporter-output>
            <line>
              <![CDATA[TC Pass]]>
            </line>
          </reporter-output>
        </test-method> <!-- createOrganizationTest -->
        <test-method is-config="true" signature="signout()[pri:0, instance:com.crm.organizations.CreateOrganization@43dac38f]" started-at="2022-04-10T23:05:27 IST" name="signout" finished-at="2022-04-10T23:05:32 IST" duration-ms="4351" status="PASS">
          <reporter-output>
          </reporter-output>
        </test-method> <!-- signout -->
        <test-method is-config="true" signature="closeTheBrowser()[pri:0, instance:com.crm.organizations.CreateOrganization@43dac38f]" started-at="2022-04-10T23:05:32 IST" name="closeTheBrowser" finished-at="2022-04-10T23:05:32 IST" duration-ms="260" status="PASS">
          <reporter-output>
          </reporter-output>
        </test-method> <!-- closeTheBrowser -->
        <test-method is-config="true" signature="databaseConnection()[pri:0, instance:com.crm.organizations.CreateOrganization@43dac38f]" started-at="2022-04-10T23:05:32 IST" name="databaseConnection" finished-at="2022-04-10T23:05:32 IST" duration-ms="40" status="PASS">
          <reporter-output>
          </reporter-output>
        </test-method> <!-- databaseConnection -->
      </class> <!-- com.crm.organizations.CreateOrganization -->
    </test> <!-- Default test -->
  </suite> <!-- Default suite -->
</testng-results>
